<?xml version="1.0" encoding="UTF-8"?>
<!-- Generated by org.testng.reporters.JUnitXMLReporter -->
<testsuite ignored="0" hostname="MahalakshmiLingesan" failures="0" tests="3" name="FIREFOX" time="104.042" errors="0" timestamp="2025-09-01T21:01:24 IST">
  <testcase classname="io.cucumber.testng.AbstractTestNGCucumberTests" name="runScenario" time="18.814"/>
  <testcase classname="io.cucumber.testng.AbstractTestNGCucumberTests" name="runScenario" time="29.424"/>
  <testcase classname="io.cucumber.testng.AbstractTestNGCucumberTests" name="runScenario" time="18.288"/>
</testsuite> <!-- FIREFOX -->
