<?xml version="1.0" encoding="UTF-8"?>
<testng-results ignored="0" total="3" passed="3" failed="0" skipped="0">
  <reporter-output>
  </reporter-output>
  <suite started-at="2025-09-01T21:15:31 IST" name="Default suite" finished-at="2025-09-01T21:17:20 IST" duration-ms="109431">
    <groups>
      <group name="cucumber">
        <method signature="AbstractTestNGCucumberTests.runScenario(io.cucumber.testng.PickleWrapper,io.cucumber.testng.FeatureWrapper)[pri:0, instance:com.lambdatest.runner.TestRunner@e4487af]" name="runScenario" class="io.cucumber.testng.AbstractTestNGCucumberTests"/>
      </group> <!-- cucumber -->
    </groups>
    <test started-at="2025-09-01T21:15:31 IST" name="Default test" finished-at="2025-09-01T21:17:20 IST" duration-ms="109431">
      <class name="com.lambdatest.runner.TestRunner">
        <test-method is-config="true" signature="setUpClass(org.testng.ITestContext)[pri:0, instance:com.lambdatest.runner.TestRunner@e4487af]" started-at="2025-09-01T21:15:31 IST" name="setUpClass" finished-at="2025-09-01T21:15:32 IST" duration-ms="1025" status="PASS">
          <params>
            <param index="0">
              <value>
                <![CDATA[org.testng.TestRunner@6b3d9c38]]>
              </value>
            </param>
          </params>
          <reporter-output>
          </reporter-output>
        </test-method> <!-- setUpClass -->
        <test-method is-config="true" signature="setUpCucumber()[pri:0, instance:com.lambdatest.runner.TestRunner@e4487af]" started-at="2025-09-01T21:15:32 IST" name="setUpCucumber" finished-at="2025-09-01T21:15:32 IST" duration-ms="35" status="PASS">
          <reporter-output>
          </reporter-output>
        </test-method> <!-- setUpCucumber -->
        <test-method is-config="true" signature="setUpClass(java.lang.String,java.lang.String,java.lang.String)[pri:0, instance:com.lambdatest.runner.TestRunner@e4487af]" started-at="2025-09-01T21:15:32 IST" name="setUpClass" finished-at="2025-09-01T21:15:48 IST" duration-ms="15734" status="PASS">
          <params>
            <param index="0">
              <value>
                <![CDATA[]]>
              </value>
            </param>
            <param index="1">
              <value>
                <![CDATA[]]>
              </value>
            </param>
            <param index="2">
              <value>
                <![CDATA[]]>
              </value>
            </param>
          </params>
          <reporter-output>
          </reporter-output>
        </test-method> <!-- setUpClass -->
        <test-method signature="runScenario(io.cucumber.testng.PickleWrapper,io.cucumber.testng.FeatureWrapper)[pri:0, instance:com.lambdatest.runner.TestRunner@e4487af]" started-at="2025-09-01T21:15:48 IST" name="runScenario" description="Runs Cucumber Scenarios" data-provider="scenarios" finished-at="2025-09-01T21:16:08 IST" duration-ms="20413" status="PASS">
          <params>
            <param index="0">
              <value>
                <![CDATA["Validating the range value of Default value 15 slider shows the same value as per the slider"]]>
              </value>
            </param>
            <param index="1">
              <value>
                <![CDATA["Drag & Drop Slider feature"]]>
              </value>
            </param>
          </params>
          <reporter-output>
          </reporter-output>
        </test-method> <!-- runScenario -->
        <test-method is-config="true" signature="setUpClass(java.lang.String,java.lang.String,java.lang.String)[pri:0, instance:com.lambdatest.runner.TestRunner@e4487af]" started-at="2025-09-01T21:16:08 IST" name="setUpClass" finished-at="2025-09-01T21:16:16 IST" duration-ms="7585" status="PASS">
          <params>
            <param index="0">
              <value>
                <![CDATA[]]>
              </value>
            </param>
            <param index="1">
              <value>
                <![CDATA[]]>
              </value>
            </param>
            <param index="2">
              <value>
                <![CDATA[]]>
              </value>
            </param>
          </params>
          <reporter-output>
          </reporter-output>
        </test-method> <!-- setUpClass -->
        <test-method signature="runScenario(io.cucumber.testng.PickleWrapper,io.cucumber.testng.FeatureWrapper)[pri:0, instance:com.lambdatest.runner.TestRunner@e4487af]" started-at="2025-09-01T21:16:16 IST" name="runScenario" description="Runs Cucumber Scenarios" data-provider="scenarios" finished-at="2025-09-01T21:16:52 IST" duration-ms="36653" status="PASS">
          <params>
            <param index="0">
              <value>
                <![CDATA["Validating the messages before and after filling the fields from Excel data"]]>
              </value>
            </param>
            <param index="1">
              <value>
                <![CDATA["Input Form Submit feature"]]>
              </value>
            </param>
          </params>
          <reporter-output>
          </reporter-output>
        </test-method> <!-- runScenario -->
        <test-method is-config="true" signature="setUpClass(java.lang.String,java.lang.String,java.lang.String)[pri:0, instance:com.lambdatest.runner.TestRunner@e4487af]" started-at="2025-09-01T21:16:52 IST" name="setUpClass" finished-at="2025-09-01T21:17:00 IST" duration-ms="7779" status="PASS">
          <params>
            <param index="0">
              <value>
                <![CDATA[]]>
              </value>
            </param>
            <param index="1">
              <value>
                <![CDATA[]]>
              </value>
            </param>
            <param index="2">
              <value>
                <![CDATA[]]>
              </value>
            </param>
          </params>
          <reporter-output>
          </reporter-output>
        </test-method> <!-- setUpClass -->
        <test-method signature="runScenario(io.cucumber.testng.PickleWrapper,io.cucumber.testng.FeatureWrapper)[pri:0, instance:com.lambdatest.runner.TestRunner@e4487af]" started-at="2025-09-01T21:17:00 IST" name="runScenario" description="Runs Cucumber Scenarios" data-provider="scenarios" finished-at="2025-09-01T21:17:20 IST" duration-ms="20097" status="PASS">
          <params>
            <param index="0">
              <value>
                <![CDATA["Validating the same text message is displayed in the Your Message: section."]]>
              </value>
            </param>
            <param index="1">
              <value>
                <![CDATA["Simple Form Demo feature"]]>
              </value>
            </param>
          </params>
          <reporter-output>
          </reporter-output>
        </test-method> <!-- runScenario -->
        <test-method is-config="true" signature="tearDownClass()[pri:0, instance:com.lambdatest.runner.TestRunner@e4487af]" started-at="2025-09-01T21:17:20 IST" name="tearDownClass" finished-at="2025-09-01T21:17:20 IST" duration-ms="25" status="PASS">
          <reporter-output>
          </reporter-output>
        </test-method> <!-- tearDownClass -->
      </class> <!-- com.lambdatest.runner.TestRunner -->
    </test> <!-- Default test -->
  </suite> <!-- Default suite -->
</testng-results>
